0 info it worked if it ends with ok
1 verbose cli [ 'c:\\Program Files\\nodejs\\node.exe',
1 verbose cli   'c:\\Program Files\\nodejs\\node_modules\\npm\\bin\\npm-cli.js',
1 verbose cli   'install',
1 verbose cli   'seedit-config',
1 verbose cli   '--save' ]
2 info using npm@2.7.4
3 info using node@v0.12.2
4 warn package.json seedit-city-pc@0.0.1 Normalized value of bugs field is an empty object. Deleted.
5 silly cache add args [ 'seedit-config', null ]
6 verbose cache add spec seedit-config
7 silly cache add parsed spec { raw: 'seedit-config',
7 silly cache add   scope: null,
7 silly cache add   name: 'seedit-config',
7 silly cache add   rawSpec: '',
7 silly cache add   spec: '*',
7 silly cache add   type: 'range' }
8 verbose addNamed seedit-config@*
9 silly addNamed semver.valid null
10 silly addNamed semver.validRange *
11 silly addNameRange { name: 'seedit-config', range: '*', hasData: false }
12 silly mapToRegistry name seedit-config
13 silly mapToRegistry using default registry
14 silly mapToRegistry registry https://registry.npmjs.org/
15 silly mapToRegistry uri https://registry.npmjs.org/seedit-config
16 verbose addNameRange registry:https://registry.npmjs.org/seedit-config not in flight; fetching
17 verbose request uri https://registry.npmjs.org/seedit-config
18 verbose request no auth needed
19 info attempt registry request try #1 at 11:04:53
20 verbose request id 00f2fe51489bb90f
21 http request GET https://registry.npmjs.org/seedit-config
22 http 404 https://registry.npmjs.org/seedit-config
23 verbose headers { server: 'CouchDB/1.5.0 (Erlang OTP/R16B03)',
23 verbose headers   'content-type': 'application/json',
23 verbose headers   'cache-control': 'max-age=0',
23 verbose headers   'content-length': '51',
23 verbose headers   'accept-ranges': 'bytes',
23 verbose headers   date: 'Tue, 30 Jun 2015 03:07:00 GMT',
23 verbose headers   via: '1.1 varnish',
23 verbose headers   age: '0',
23 verbose headers   connection: 'close',
23 verbose headers   'x-served-by': 'cache-bma7033-BMA',
23 verbose headers   'x-cache': 'MISS',
23 verbose headers   'x-cache-hits': '0',
23 verbose headers   'x-timer': 'S1435633619.623657,VS0,VE762' }
24 silly get cb [ 404,
24 silly get   { server: 'CouchDB/1.5.0 (Erlang OTP/R16B03)',
24 silly get     'content-type': 'application/json',
24 silly get     'cache-control': 'max-age=0',
24 silly get     'content-length': '51',
24 silly get     'accept-ranges': 'bytes',
24 silly get     date: 'Tue, 30 Jun 2015 03:07:00 GMT',
24 silly get     via: '1.1 varnish',
24 silly get     age: '0',
24 silly get     connection: 'close',
24 silly get     'x-served-by': 'cache-bma7033-BMA',
24 silly get     'x-cache': 'MISS',
24 silly get     'x-cache-hits': '0',
24 silly get     'x-timer': 'S1435633619.623657,VS0,VE762' } ]
25 verbose stack Error: 404 Not Found: seedit-config
25 verbose stack     at CachingRegistryClient.<anonymous> (c:\Program Files\nodejs\node_modules\npm\node_modules\npm-registry-client\lib\request.js:245:14)
25 verbose stack     at Request._callback (c:\Program Files\nodejs\node_modules\npm\node_modules\npm-registry-client\lib\request.js:170:14)
25 verbose stack     at Request.self.callback (c:\Program Files\nodejs\node_modules\npm\node_modules\request\request.js:344:22)
25 verbose stack     at Request.emit (events.js:110:17)
25 verbose stack     at Request.<anonymous> (c:\Program Files\nodejs\node_modules\npm\node_modules\request\request.js:1239:14)
25 verbose stack     at Request.emit (events.js:129:20)
25 verbose stack     at IncomingMessage.<anonymous> (c:\Program Files\nodejs\node_modules\npm\node_modules\request\request.js:1187:12)
25 verbose stack     at IncomingMessage.emit (events.js:129:20)
25 verbose stack     at _stream_readable.js:908:16
25 verbose stack     at process._tickCallback (node.js:355:11)
26 verbose statusCode 404
27 verbose pkgid seedit-config
28 verbose cwd e:\modules\seedit-city-pc
29 error Windows_NT 6.1.7601
30 error argv "c:\\Program Files\\nodejs\\node.exe" "c:\\Program Files\\nodejs\\node_modules\\npm\\bin\\npm-cli.js" "install" "seedit-config" "--save"
31 error node v0.12.2
32 error npm  v2.7.4
33 error code E404
34 error 404 Not Found: seedit-config
34 error 404
34 error 404 'seedit-config' is not in the npm registry.
34 error 404 You should bug the author to publish it (or use the name yourself!)
34 error 404 It was specified as a dependency of 'seedit-city-pc'
34 error 404
34 error 404 Note that you can also install from a
34 error 404 tarball, folder, http url, or git url.
35 verbose exit [ 1, true ]
